#Start(1632409034527)

  Warning number 27
  /home/tomo/Development/Native/Milo/src/ExerciseInput.res:5:8-20
  
  3 │ @react.component
  4 │ let make = () => {
  5 │   let (exerciseInput, setExerciseInput) = React.useState(_ => "")
  6 │   let resetInput = _e => {
  7 │     setExerciseInput(_ => "")
  
  unused variable exerciseInput.
  

  Warning number 26
  /home/tomo/Development/Native/Milo/src/ExerciseInput.res:6:7-16
  
  4 │ let make = () => {
  5 │   let (exerciseInput, setExerciseInput) = React.useState(_ => "")
  6 │   let resetInput = _e => {
  7 │     setExerciseInput(_ => "")
  8 │   }
  
  unused variable resetInput.
  

  Warning number 27
  /home/tomo/Development/Native/Milo/src/HomeScreen.res:24:8-17
  
  22 │ @react.component
  23 │ let make = () => {
  24 │   let (searchTerm, setSearchTerm) = React.useState(() => "")
  25 │   // let includesTerm = x => Js.String.includes(searchTerm, x) == true
  26 │   // let exTitles = exercises->Belt.Array.keep(ex => ex.title === sear
       chTerm)
  
  unused variable searchTerm.
  
#Done(1632409034555)
